<?xml version="1.0" encoding="UTF-8"?>
<testng-results skipped="0" failed="1" total="1" passed="0">
  <reporter-output>
    <line>
      <![CDATA[Navigating to the url]]>
    </line>
    <line>
      <![CDATA[Implicit Wait implemented]]>
    </line>
    <line>
      <![CDATA[New Repository Created successfully]]>
    </line>
    <line>
      <![CDATA[First Issue Created successfully]]>
    </line>
    <line>
      <![CDATA[Second Issue Created successfully]]>
    </line>
    <line>
      <![CDATA[Comment added to second Issue Created successfully]]>
    </line>
    <line>
      <![CDATA[Emoji added successfully]]>
    </line>
    <line>
      <![CDATA[browsers closed]]>
    </line>
  </reporter-output>
  <suite name="Default suite" duration-ms="48636" started-at="2020-07-29T07:17:30Z" finished-at="2020-07-29T07:18:18Z">
    <groups>
    </groups>
    <test name="Default test" duration-ms="48636" started-at="2020-07-29T07:17:30Z" finished-at="2020-07-29T07:18:18Z">
      <class name="testCases.gitHubWorkFlowChallenge">
        <test-method status="PASS" signature="preCondition()[pri:0, instance:testCases.gitHubWorkFlowChallenge@4c70fda8]" name="preCondition" is-config="true" duration-ms="6547" started-at="2020-07-29T12:47:30Z" finished-at="2020-07-29T12:47:36Z">
          <reporter-output>
            <line>
              <![CDATA[Navigating to the url]]>
            </line>
            <line>
              <![CDATA[Implicit Wait implemented]]>
            </line>
          </reporter-output>
        </test-method> <!-- preCondition -->
        <test-method status="FAIL" signature="gitHubChallenge()[pri:0, instance:testCases.gitHubWorkFlowChallenge@4c70fda8]" name="gitHubChallenge" duration-ms="41387" started-at="2020-07-29T12:47:36Z" finished-at="2020-07-29T12:48:18Z">
          <exception class="org.openqa.selenium.NoSuchElementException">
            <message>
              <![CDATA[no such element: Unable to locate element: {"method":"xpath","selector":"(//p/a[text()='{issueHeader}'])[last()]"}
  (Session info: chrome=84.0.4147.89)
For documentation on this error, please visit: https://www.seleniumhq.org/exceptions/no_such_element.html
Build info: version: '3.141.59', revision: 'e82be7d358', time: '2018-11-14T08:17:03'
System info: host: 'LENOVOG50', ip: '172.20.10.2', os.name: 'Windows 8.1', os.arch: 'amd64', os.version: '6.3', java.version: '1.8.0_251'
Driver info: org.openqa.selenium.chrome.ChromeDriver
Capabilities {acceptInsecureCerts: false, browserName: chrome, browserVersion: 84.0.4147.89, chrome: {chromedriverVersion: 83.0.4103.39 (ccbf011cb2d2b..., userDataDir: C:\Users\Admin\AppData\Loca...}, goog:chromeOptions: {debuggerAddress: localhost:52050}, javascriptEnabled: true, networkConnectionEnabled: false, pageLoadStrategy: normal, platform: WINDOWS, platformName: WINDOWS, proxy: Proxy(), setWindowRect: true, strictFileInteractability: false, timeouts: {implicit: 0, pageLoad: 300000, script: 30000}, unhandledPromptBehavior: dismiss and notify, webauthn:virtualAuthenticators: true}
Session ID: 51aa23c65aba4ba11aac307abf489801
*** Element info: {Using=xpath, value=(//p/a[text()='{issueHeader}'])[last()]}]]>
            </message>
            <full-stacktrace>
              <![CDATA[org.openqa.selenium.NoSuchElementException: no such element: Unable to locate element: {"method":"xpath","selector":"(//p/a[text()='{issueHeader}'])[last()]"}
  (Session info: chrome=84.0.4147.89)
For documentation on this error, please visit: https://www.seleniumhq.org/exceptions/no_such_element.html
Build info: version: '3.141.59', revision: 'e82be7d358', time: '2018-11-14T08:17:03'
System info: host: 'LENOVOG50', ip: '172.20.10.2', os.name: 'Windows 8.1', os.arch: 'amd64', os.version: '6.3', java.version: '1.8.0_251'
Driver info: org.openqa.selenium.chrome.ChromeDriver
Capabilities {acceptInsecureCerts: false, browserName: chrome, browserVersion: 84.0.4147.89, chrome: {chromedriverVersion: 83.0.4103.39 (ccbf011cb2d2b..., userDataDir: C:\Users\Admin\AppData\Loca...}, goog:chromeOptions: {debuggerAddress: localhost:52050}, javascriptEnabled: true, networkConnectionEnabled: false, pageLoadStrategy: normal, platform: WINDOWS, platformName: WINDOWS, proxy: Proxy(), setWindowRect: true, strictFileInteractability: false, timeouts: {implicit: 0, pageLoad: 300000, script: 30000}, unhandledPromptBehavior: dismiss and notify, webauthn:virtualAuthenticators: true}
Session ID: 51aa23c65aba4ba11aac307abf489801
*** Element info: {Using=xpath, value=(//p/a[text()='{issueHeader}'])[last()]}
	at sun.reflect.NativeConstructorAccessorImpl.newInstance0(Native Method)
	at sun.reflect.NativeConstructorAccessorImpl.newInstance(Unknown Source)
	at sun.reflect.DelegatingConstructorAccessorImpl.newInstance(Unknown Source)
	at java.lang.reflect.Constructor.newInstance(Unknown Source)
	at org.openqa.selenium.remote.http.W3CHttpResponseCodec.createException(W3CHttpResponseCodec.java:187)
	at org.openqa.selenium.remote.http.W3CHttpResponseCodec.decode(W3CHttpResponseCodec.java:122)
	at org.openqa.selenium.remote.http.W3CHttpResponseCodec.decode(W3CHttpResponseCodec.java:49)
	at org.openqa.selenium.remote.HttpCommandExecutor.execute(HttpCommandExecutor.java:158)
	at org.openqa.selenium.remote.service.DriverCommandExecutor.execute(DriverCommandExecutor.java:83)
	at org.openqa.selenium.remote.RemoteWebDriver.execute(RemoteWebDriver.java:552)
	at org.openqa.selenium.remote.RemoteWebDriver.findElement(RemoteWebDriver.java:323)
	at org.openqa.selenium.remote.RemoteWebDriver.findElementByXPath(RemoteWebDriver.java:428)
	at org.openqa.selenium.By$ByXPath.findElement(By.java:353)
	at org.openqa.selenium.remote.RemoteWebDriver.findElement(RemoteWebDriver.java:315)
	at org.openqa.selenium.support.pagefactory.DefaultElementLocator.findElement(DefaultElementLocator.java:69)
	at org.openqa.selenium.support.pagefactory.internal.LocatingElementHandler.invoke(LocatingElementHandler.java:38)
	at com.sun.proxy.$Proxy9.click(Unknown Source)
	at pageObjects.IssuesPage.createSecondIssue(IssuesPage.java:81)
	at testCases.gitHubWorkFlowChallenge.gitHubChallenge(gitHubWorkFlowChallenge.java:26)
	at sun.reflect.NativeMethodAccessorImpl.invoke0(Native Method)
	at sun.reflect.NativeMethodAccessorImpl.invoke(Unknown Source)
	at sun.reflect.DelegatingMethodAccessorImpl.invoke(Unknown Source)
	at java.lang.reflect.Method.invoke(Unknown Source)
	at org.testng.internal.MethodInvocationHelper.invokeMethod(MethodInvocationHelper.java:80)
	at org.testng.internal.Invoker.invokeMethod(Invoker.java:714)
	at org.testng.internal.Invoker.invokeTestMethod(Invoker.java:901)
	at org.testng.internal.Invoker.invokeTestMethods(Invoker.java:1231)
	at org.testng.internal.TestMethodWorker.invokeTestMethods(TestMethodWorker.java:127)
	at org.testng.internal.TestMethodWorker.run(TestMethodWorker.java:111)
	at org.testng.TestRunner.privateRun(TestRunner.java:767)
	at org.testng.TestRunner.run(TestRunner.java:617)
	at org.testng.SuiteRunner.runTest(SuiteRunner.java:334)
	at org.testng.SuiteRunner.runSequentially(SuiteRunner.java:329)
	at org.testng.SuiteRunner.privateRun(SuiteRunner.java:291)
	at org.testng.SuiteRunner.run(SuiteRunner.java:240)
	at org.testng.SuiteRunnerWorker.runSuite(SuiteRunnerWorker.java:52)
	at org.testng.SuiteRunnerWorker.run(SuiteRunnerWorker.java:86)
	at org.testng.TestNG.runSuitesSequentially(TestNG.java:1198)
	at org.testng.TestNG.runSuitesLocally(TestNG.java:1123)
	at org.testng.TestNG.run(TestNG.java:1031)
	at org.testng.remote.AbstractRemoteTestNG.run(AbstractRemoteTestNG.java:115)
	at org.testng.remote.RemoteTestNG.initAndRun(RemoteTestNG.java:251)
	at org.testng.remote.RemoteTestNG.main(RemoteTestNG.java:77)
]]>
            </full-stacktrace>
          </exception> <!-- org.openqa.selenium.NoSuchElementException -->
          <reporter-output>
            <line>
              <![CDATA[New Repository Created successfully]]>
            </line>
            <line>
              <![CDATA[First Issue Created successfully]]>
            </line>
            <line>
              <![CDATA[Second Issue Created successfully]]>
            </line>
            <line>
              <![CDATA[Comment added to second Issue Created successfully]]>
            </line>
            <line>
              <![CDATA[Emoji added successfully]]>
            </line>
          </reporter-output>
        </test-method> <!-- gitHubChallenge -->
        <test-method status="PASS" signature="postCondition()[pri:0, instance:testCases.gitHubWorkFlowChallenge@4c70fda8]" name="postCondition" is-config="true" duration-ms="677" started-at="2020-07-29T12:48:18Z" finished-at="2020-07-29T12:48:18Z">
          <reporter-output>
            <line>
              <![CDATA[browsers closed]]>
            </line>
          </reporter-output>
        </test-method> <!-- postCondition -->
      </class> <!-- testCases.gitHubWorkFlowChallenge -->
    </test> <!-- Default test -->
  </suite> <!-- Default suite -->
</testng-results>
